<?xml version="1.0" encoding="UTF-8"?>
<!-- Generated by org.testng.reporters.JUnitReportReporter -->
<testsuite hostname="DESKTOP-4HBPSUL" failures="0" tests="1" name="Democar_Test.AccountpageTeast" time="3.200" errors="0" timestamp="23 Jan 2021 15:16:31 GMT" skipped="0">
  <testcase classname="Democar_Test.AccountpageTeast" name="LogoutFromAccountsPage" time="3.200"/>
</testsuite> <!-- Democar_Test.AccountpageTeast -->
