<?xml version="1.0" encoding="UTF-8"?>
<!-- Generated by org.testng.reporters.JUnitReportReporter -->
<testsuite hostname="DESKTOP-4HBPSUL" failures="0" tests="1" name="Democar_Test.LoginPageTest" time="3.905" errors="0" timestamp="23 Jan 2021 14:29:16 GMT" skipped="0">
  <testcase classname="Democar_Test.LoginPageTest" name="doLoginTest" time="3.905"/>
</testsuite> <!-- Democar_Test.LoginPageTest -->
